\BOOKMARK [0][-]{section*.1}{\376\377\000A\000b\000s\000t\000r\000a\000c\000t}{}% 1
\BOOKMARK [0][-]{chapter.7}{\376\377\000O\000b\000j\000e\000c\000t\000i\000v\000e\000s}{}% 2
\BOOKMARK [1][-]{section.8}{\376\377\000P\000r\000o\000b\000l\000e\000m\000\040\000D\000e\000s\000c\000r\000i\000p\000t\000i\000o\000n}{chapter.7}% 3
\BOOKMARK [1][-]{section.9}{\376\377\000D\000a\000t\000a\000\040\000S\000u\000m\000m\000a\000r\000y}{chapter.7}% 4
\BOOKMARK [2][-]{subsection.10}{\376\377\000T\000r\000a\000i\000n\000i\000n\000g\000\040\000d\000a\000t\000a}{section.9}% 5
\BOOKMARK [2][-]{subsection.12}{\376\377\000T\000e\000x\000t\000\040\000d\000a\000t\000a}{section.9}% 6
\BOOKMARK [2][-]{subsection.14}{\376\377\000G\000r\000o\000u\000n\000d\000\040\000t\000r\000u\000t\000h\000\040\000d\000a\000t\000a}{section.9}% 7
\BOOKMARK [1][-]{section.16}{\376\377\000D\000i\000s\000s\000e\000r\000t\000a\000t\000i\000o\000n\000\040\000g\000o\000a\000l\000s}{chapter.7}% 8
\BOOKMARK [0][-]{chapter.17}{\376\377\000M\000e\000t\000h\000o\000d\000o\000l\000o\000g\000y\000\040\000a\000n\000d\000\040\000T\000e\000c\000h\000n\000i\000q\000u\000e\000s}{}% 9
\BOOKMARK [1][-]{section.18}{\376\377\000D\000e\000e\000p\000\040\000L\000e\000a\000r\000n\000i\000n\000g\000\040\000f\000o\000r\000\040\000s\000e\000q\000u\000e\000n\000c\000e\000\040\000p\000r\000o\000c\000e\000s\000s\000i\000n\000g}{chapter.17}% 10
\BOOKMARK [2][-]{subsection.19}{\376\377\000S\000t\000u\000d\000y\000\040\000m\000e\000t\000h\000o\000d\000o\000l\000o\000g\000y}{section.18}% 11
\BOOKMARK [2][-]{subsection.20}{\376\377\000T\000r\000a\000d\000e\000-\000o\000f\000f}{section.18}% 12
\BOOKMARK [0][-]{chapter.21}{\376\377\000D\000a\000t\000a\000\040\000A\000n\000a\000l\000y\000s\000i\000s\000\040\000a\000n\000d\000\040\000P\000r\000e\000-\000p\000r\000o\000c\000e\000s\000s\000i\000n\000g}{}% 13
\BOOKMARK [1][-]{section.22}{\376\377\000D\000a\000t\000a\000\040\000l\000a\000b\000e\000l\000l\000i\000n\000g}{chapter.21}% 14
\BOOKMARK [2][-]{subsection.23}{\376\377\000R\000e\000m\000a\000i\000n\000i\000n\000g\000\040\000U\000s\000e\000f\000u\000l\000\040\000L\000i\000f\000e}{section.22}% 15
\BOOKMARK [2][-]{subsection.25}{\376\377\000F\000a\000i\000l\000u\000r\000e\000\040\000C\000y\000c\000l\000e\000\040\000W\000i\000n\000d\000o\000w}{section.22}% 16
\BOOKMARK [1][-]{section.27}{\376\377\000F\000e\000a\000t\000u\000r\000e\000\040\000E\000n\000g\000i\000n\000e\000e\000r\000i\000n\000g\000\040\000a\000n\000d\000\040\000N\000o\000r\000m\000a\000l\000i\000z\000a\000t\000i\000o\000n}{chapter.21}% 17
\BOOKMARK [0][-]{chapter.29}{\376\377\000L\000o\000n\000g\000\040\000S\000h\000o\000r\000t\000-\000T\000e\000r\000m\000\040\000M\000e\000m\000o\000r\000y}{}% 18
\BOOKMARK [1][-]{section.30}{\376\377\000U\000n\000d\000e\000r\000s\000t\000a\000n\000d\000i\000n\000g\000\040\000L\000S\000T\000M\000s}{chapter.29}% 19
\BOOKMARK [1][-]{section.32}{\376\377\000B\000i\000n\000a\000r\000y\000\040\000C\000l\000a\000s\000s\000i\000f\000i\000c\000a\000t\000i\000o\000n}{chapter.29}% 20
\BOOKMARK [2][-]{subsection.33}{\376\377\000D\000a\000t\000a\000\040\000G\000e\000n\000e\000r\000a\000t\000i\000o\000n}{section.32}% 21
\BOOKMARK [2][-]{subsection.34}{\376\377\000M\000o\000d\000e\000l\000\040\000d\000e\000f\000i\000n\000i\000t\000i\000o\000n}{section.32}% 22
\BOOKMARK [0][-]{appendix.35}{\376\377\000F\000r\000e\000q\000u\000e\000n\000t\000l\000y\000\040\000A\000s\000k\000e\000d\000\040\000Q\000u\000e\000s\000t\000i\000o\000n\000s}{}% 23
\BOOKMARK [1][-]{section.36}{\376\377\000H\000o\000w\000\040\000d\000o\000\040\000I\000\040\000c\000h\000a\000n\000g\000e\000\040\000t\000h\000e\000\040\000c\000o\000l\000o\000r\000s\000\040\000o\000f\000\040\000l\000i\000n\000k\000s\000?}{appendix.35}% 24
\BOOKMARK [0][-]{appendix*.37}{\376\377\000B\000i\000b\000l\000i\000o\000g\000r\000a\000p\000h\000y}{}% 25
